app/build/intermediates/manifest_merge_blame_file/prtRelease/manifest-merger-blame-prt-release-report.txt
1<?xml version="1.0" encoding="utf-8"?>
2<manifest xmlns:android="http://schemas.android.com/apk/res/android"
3    package="com.atakmap.android.plugintemplate.plugin"
4    android:versionCode="1"
5    android:versionName="1.0 () - [4.5.1]" >
6
7    <uses-sdk android:minSdkVersion="21" />
7-->src/main/AndroidManifest.xml
8
9    <application
9-->src/main/AndroidManifest.xml:6:5-26:19
10        android:allowBackup="false"
10-->src/main/AndroidManifest.xml:7:9-36
11        android:description="@string/app_desc"
11-->src/main/AndroidManifest.xml:10:9-47
12        android:extractNativeLibs="true"
12-->src/main/AndroidManifest.xml:11:9-41
13        android:icon="@drawable/ic_launcher"
13-->src/main/AndroidManifest.xml:8:9-45
14        android:label="@string/app_name"
14-->src/main/AndroidManifest.xml:9:9-41
15        android:theme="@style/AppTheme" >
15-->src/main/AndroidManifest.xml:12:9-40
16        <meta-data
17            android:name="plugin-api"
17-->src/main/AndroidManifest.xml:13:20-45
18            android:value="com.atakmap.app@4.5.1.PRT" />
18-->src/main/AndroidManifest.xml:13:46-79
19        <meta-data
19-->src/main/AndroidManifest.xml:14:9-78
20            android:name="app_desc"
20-->src/main/AndroidManifest.xml:14:20-43
21            android:value="@string/app_desc" />
21-->src/main/AndroidManifest.xml:14:44-76
22
23        <!-- allow for plugin discovery -->
24        <activity android:name="com.atakmap.app.component" >
24-->src/main/AndroidManifest.xml:18:8-23:19
24-->src/main/AndroidManifest.xml:18:18-58
25            <intent-filter android:label="@string/app_name" >
25-->src/main/AndroidManifest.xml:20:12-22:28
25-->src/main/AndroidManifest.xml:20:27-59
26                <action android:name="com.atakmap.app.component" />
26-->src/main/AndroidManifest.xml:21:15-66
26-->src/main/AndroidManifest.xml:21:23-63
27            </intent-filter>
28        </activity>
29    </application>
30
31</manifest>